<?xml version="1.0" encoding="UTF-8"?>
<testng-results skipped="0" failed="0" ignored="0" total="1" passed="1">
  <reporter-output>
  </reporter-output>
  <suite name="Default suite" duration-ms="94" started-at="2018-07-29T11:20:10Z" finished-at="2018-07-29T11:20:10Z">
    <groups>
    </groups>
    <test name="Default test" duration-ms="94" started-at="2018-07-29T11:20:10Z" finished-at="2018-07-29T11:20:10Z">
      <class name="learnData.LearnString">
        <test-method status="PASS" signature="mainString()[pri:0, instance:learnData.LearnString@271053e1]" name="mainString" duration-ms="16" started-at="2018-07-29T11:20:10Z" finished-at="2018-07-29T11:20:10Z">
          <reporter-output>
          </reporter-output>
        </test-method> <!-- mainString -->
      </class> <!-- learnData.LearnString -->
    </test> <!-- Default test -->
  </suite> <!-- Default suite -->
</testng-results>
